[stage 1/18] Paper acquisition: seed governance checks  (elapsed 0:00)
Seed governance checklist: FAIL (18 errors, 98 warnings)
  - seed fails MS minimum without bridge justification: doi=https://doi.org/10.1093/brain/awl007, lexical_hits=0, concept_hits=0
  - seed fails MS minimum without bridge justification: doi=https://doi.org/10.1146/annurev.neuro.30.051606.094313, lexical_hits=0, concept_hits=0
  - seed fails MS minimum without bridge justification: doi=https://doi.org/10.1126/science.aav7188, lexical_hits=0, concept_hits=0
  - seed fails MS minimum without bridge justification: doi=https://doi.org/10.1101/cshperspect.a028951, lexical_hits=0, concept_hits=0
  - seed fails MS minimum without bridge justification: doi=https://doi.org/10.1126/science.abj8222, lexical_hits=0, concept_hits=0
  - seed fails MS minimum without bridge justification: doi=https://doi.org/10.1002/ana.21117, lexical_hits=0, concept_hits=0
  - seed fails MS minimum without bridge justification: doi=https://doi.org/10.1016/S1474-4422(21)00095-8, lexical_hits=0, concept_hits=0
  - seed fails MS minimum without bridge justification: doi=https://doi.org/10.1212/WNL.0000000000000560, lexical_hits=0, concept_hits=0
  - seed fails MS minimum without bridge justification: doi=https://doi.org/10.1016/j.msard.2019.07.007, lexical_hits=0, concept_hits=0
  - seed fails MS minimum without bridge justification: doi=https://doi.org/10.1177/1352458514564487, lexical_hits=0, concept_hits=0
  - seed fails MS minimum without bridge justification: doi=https://doi.org/10.1056/NEJM199807303390501, lexical_hits=0, concept_hits=0
  - seed fails MS minimum without bridge justification: doi=https://doi.org/10.1016/S1474-4422(22)00426-4, lexical_hits=0, concept_hits=0
  - seed fails MS minimum without bridge justification: doi=https://doi.org/10.1177/1352458513484547, lexical_hits=0, concept_hits=0
  - seed fails MS minimum without bridge justification: doi=https://doi.org/10.1212/WNL.0000000000200151, lexical_hits=0, concept_hits=0
  - seed fails MS minimum without bridge justification: doi=https://doi.org/10.1038/nrn2480, lexical_hits=0, concept_hits=0
  - seed fails MS minimum without bridge justification: doi=https://doi.org/10.1177/13524585241266483, lexical_hits=0, concept_hits=0
  - seed fails MS minimum without bridge justification: doi=https://doi.org/10.1177/1352458520970841, lexical_hits=0, concept_hits=0
  - seed fails MS minimum without bridge justification: doi=https://doi.org/10.1016/S1474-4422(18)30443-5, lexical_hits=0, concept_hits=0
[stage 1/18] done  stage=0:04  total=0:04
[stage 2/18] Paper acquisition: retrieve corpora  (elapsed 0:04)
Traceback (most recent call last):
  File "/Users/wgray13/projects/mskb/.venv/lib/python3.14/site-packages/urllib3/connectionpool.py", line 464, in _make_request
    self._validate_conn(conn)
    ~~~~~~~~~~~~~~~~~~~^^^^^^
  File "/Users/wgray13/projects/mskb/.venv/lib/python3.14/site-packages/urllib3/connectionpool.py", line 1093, in _validate_conn
    conn.connect()
    ~~~~~~~~~~~~^^
  File "/Users/wgray13/projects/mskb/.venv/lib/python3.14/site-packages/urllib3/connection.py", line 796, in connect
    sock_and_verified = _ssl_wrap_socket_and_match_hostname(
        sock=sock,
    ...<14 lines>...
        assert_fingerprint=self.assert_fingerprint,
    )
  File "/Users/wgray13/projects/mskb/.venv/lib/python3.14/site-packages/urllib3/connection.py", line 975, in _ssl_wrap_socket_and_match_hostname
    ssl_sock = ssl_wrap_socket(
        sock=sock,
    ...<8 lines>...
        tls_in_tls=tls_in_tls,
    )
  File "/Users/wgray13/projects/mskb/.venv/lib/python3.14/site-packages/urllib3/util/ssl_.py", line 483, in ssl_wrap_socket
    ssl_sock = _ssl_wrap_socket_impl(sock, context, tls_in_tls, server_hostname)
  File "/Users/wgray13/projects/mskb/.venv/lib/python3.14/site-packages/urllib3/util/ssl_.py", line 527, in _ssl_wrap_socket_impl
    return ssl_context.wrap_socket(sock, server_hostname=server_hostname)
           ~~~~~~~~~~~~~~~~~~~~~~~^^^^^^^^^^^^^^^^^^^^^^^^^^^^^^^^^^^^^^^
  File "/opt/homebrew/Cellar/python@3.14/3.14.2_1/Frameworks/Python.framework/Versions/3.14/lib/python3.14/ssl.py", line 455, in wrap_socket
    return self.sslsocket_class._create(
           ~~~~~~~~~~~~~~~~~~~~~~~~~~~~^
        sock=sock,
        ^^^^^^^^^^
    ...<5 lines>...
        session=session
        ^^^^^^^^^^^^^^^
    )
    ^
  File "/opt/homebrew/Cellar/python@3.14/3.14.2_1/Frameworks/Python.framework/Versions/3.14/lib/python3.14/ssl.py", line 1076, in _create
    self.do_handshake()
    ~~~~~~~~~~~~~~~~~^^
  File "/opt/homebrew/Cellar/python@3.14/3.14.2_1/Frameworks/Python.framework/Versions/3.14/lib/python3.14/ssl.py", line 1372, in do_handshake
    self._sslobj.do_handshake()
    ~~~~~~~~~~~~~~~~~~~~~~~~~^^
ssl.SSLCertVerificationError: [SSL: CERTIFICATE_VERIFY_FAILED] certificate verify failed: unable to get local issuer certificate (_ssl.c:1081)

During handling of the above exception, another exception occurred:

Traceback (most recent call last):
  File "/Users/wgray13/projects/mskb/.venv/lib/python3.14/site-packages/urllib3/connectionpool.py", line 787, in urlopen
    response = self._make_request(
        conn,
    ...<10 lines>...
        **response_kw,
    )
  File "/Users/wgray13/projects/mskb/.venv/lib/python3.14/site-packages/urllib3/connectionpool.py", line 488, in _make_request
    raise new_e
urllib3.exceptions.SSLError: [SSL: CERTIFICATE_VERIFY_FAILED] certificate verify failed: unable to get local issuer certificate (_ssl.c:1081)

The above exception was the direct cause of the following exception:

Traceback (most recent call last):
  File "/Users/wgray13/projects/mskb/.venv/lib/python3.14/site-packages/requests/adapters.py", line 645, in send
    resp = conn.urlopen(
        method=request.method,
    ...<9 lines>...
        chunked=chunked,
    )
  File "/Users/wgray13/projects/mskb/.venv/lib/python3.14/site-packages/urllib3/connectionpool.py", line 841, in urlopen
    retries = retries.increment(
        method, url, error=new_e, _pool=self, _stacktrace=sys.exc_info()[2]
    )
  File "/Users/wgray13/projects/mskb/.venv/lib/python3.14/site-packages/urllib3/util/retry.py", line 535, in increment
    raise MaxRetryError(_pool, url, reason) from reason  # type: ignore[arg-type]
    ^^^^^^^^^^^^^^^^^^^^^^^^^^^^^^^^^^^^^^^^^^^^^^^^^^^
urllib3.exceptions.MaxRetryError: HTTPSConnectionPool(host='api.openalex.org', port=443): Max retries exceeded with url: /works/https://doi.org/10.1016/S0140-6736(08)61620-7?mailto=willgray%2Btest%40gmail.com&api_key=Odeo7V2VTV5EO5fsP0dUCB (Caused by SSLError(SSLCertVerificationError(1, '[SSL: CERTIFICATE_VERIFY_FAILED] certificate verify failed: unable to get local issuer certificate (_ssl.c:1081)')))

During handling of the above exception, another exception occurred:

Traceback (most recent call last):
  File "/Users/wgray13/projects/mskb/run_pipeline.py", line 180, in <module>
    main(args.config)
    ~~~~^^^^^^^^^^^^^
  File "/Users/wgray13/projects/mskb/run_pipeline.py", line 164, in main
    _run_stage(idx, total, label, fn, config_path, pipeline_start)
    ~~~~~~~~~~^^^^^^^^^^^^^^^^^^^^^^^^^^^^^^^^^^^^^^^^^^^^^^^^^^^^
  File "/Users/wgray13/projects/mskb/run_pipeline.py", line 83, in _run_stage
    fn(config_path)
    ~~^^^^^^^^^^^^^
  File "/Users/wgray13/projects/mskb/src/retrieve_corpora.py", line 703, in run
    seed_rows, seed_edges, seed_totals = _run_seed_channel(
                                         ~~~~~~~~~~~~~~~~~^
        core_seeds, client, retrieval_cfg, enrichment_enabled, enrichment_cfg,
        ^^^^^^^^^^^^^^^^^^^^^^^^^^^^^^^^^^^^^^^^^^^^^^^^^^^^^^^^^^^^^^^^^^^^^^
        crossref_client, semantic_scholar_client,
        ^^^^^^^^^^^^^^^^^^^^^^^^^^^^^^^^^^^^^^^^^
    )
    ^
  File "/Users/wgray13/projects/mskb/src/retrieve_corpora.py", line 468, in _run_seed_channel
    work = client.get_work_by_doi(doi)
  File "/Users/wgray13/projects/mskb/src/openalex_client.py", line 143, in get_work_by_doi
    payload = self._get(f"/works/https://doi.org/{doi}")
  File "/Users/wgray13/projects/mskb/src/openalex_client.py", line 83, in _get
    r = self.session.get(url, params=params, timeout=self.timeout)
  File "/Users/wgray13/projects/mskb/.venv/lib/python3.14/site-packages/requests/sessions.py", line 605, in get
    return self.request("GET", url, **kwargs)
           ~~~~~~~~~~~~^^^^^^^^^^^^^^^^^^^^^^
  File "/Users/wgray13/projects/mskb/.venv/lib/python3.14/site-packages/requests/sessions.py", line 592, in request
    resp = self.send(prep, **send_kwargs)
  File "/Users/wgray13/projects/mskb/.venv/lib/python3.14/site-packages/requests/sessions.py", line 706, in send
    r = adapter.send(request, **kwargs)
  File "/Users/wgray13/projects/mskb/.venv/lib/python3.14/site-packages/requests/adapters.py", line 676, in send
    raise SSLError(e, request=request)
requests.exceptions.SSLError: HTTPSConnectionPool(host='api.openalex.org', port=443): Max retries exceeded with url: /works/https://doi.org/10.1016/S0140-6736(08)61620-7?mailto=willgray%2Btest%40gmail.com&api_key=Odeo7V2VTV5EO5fsP0dUCB (Caused by SSLError(SSLCertVerificationError(1, '[SSL: CERTIFICATE_VERIFY_FAILED] certificate verify failed: unable to get local issuer certificate (_ssl.c:1081)')))
